#
# There is insufficient memory for the Java Runtime Environment to continue.
# Native memory allocation (malloc) failed to allocate 1048576 bytes for AllocateHeap
# Possible reasons:
#   The system is out of physical RAM or swap space
#   In 32 bit mode, the process size limit was hit
# Possible solutions:
#   Reduce memory load on the system
#   Increase physical memory or swap space
#   Check if swap backing store is full
#   Use 64 bit Java on a 64 bit OS
#   Decrease Java heap size (-Xmx/-Xms)
#   Decrease number of Java threads
#   Decrease Java thread stack sizes (-Xss)
#   Set larger code cache with -XX:ReservedCodeCacheSize=
# This output file may be truncated or incomplete.
#
#  Out of Memory Error (memory/allocation.inline.hpp:61), pid=9028, tid=0x0000000000001c80
#
# JRE version:  (8.0_121-b13) (build )
# Java VM: Java HotSpot(TM) 64-Bit Server VM (25.121-b13 mixed mode windows-amd64 compressed oops)
# Failed to write core dump. Minidumps are not enabled by default on client versions of Windows
#

---------------  T H R E A D  ---------------

Current thread (0x0000000002c3d800):  JavaThread "Unknown thread" [_thread_in_vm, id=7296, stack(0x0000000002d00000,0x0000000002e00000)]

Stack: [0x0000000002d00000,0x0000000002e00000]
[error occurred during error reporting (printing stack bounds), id 0xc0000005]

Native frames: (J=compiled Java code, j=interpreted, Vv=VM code, C=native code)


---------------  P R O C E S S  ---------------

Java Threads: ( => current thread )

Other Threads:

=>0x0000000002c3d800 (exited) JavaThread "Unknown thread" [_thread_in_vm, id=7296, stack(0x0000000002d00000,0x0000000002e00000)]

VM state:not at safepoint (normal execution)

VM Mutex/Monitor currently owned by a thread: None

Heap:
 PSYoungGen      total 38400K, used 665K [0x00000000d5c00000, 0x00000000d8680000, 0x0000000100000000)
  eden space 33280K, 2% used [0x00000000d5c00000,0x00000000d5ca6670,0x00000000d7c80000)
  from space 5120K, 0% used [0x00000000d8180000,0x00000000d8180000,0x00000000d8680000)
  to   space 5120K, 0% used [0x00000000d7c80000,0x00000000d7c80000,0x00000000d8180000)
 ParOldGen       total 87552K, used 0K [0x0000000081400000, 0x0000000086980000, 0x00000000d5c00000)
  object space 87552K, 0% used [0x0000000081400000,0x0000000081400000,0x0000000086980000)
 Metaspace       used 770K, capacity 4480K, committed 4480K, reserved 1056768K
  class space    used 75K, capacity 384K, committed 384K, reserved 1048576K

Card table byte_map: [0x00000000122c0000,0x00000000126c0000] byte_map_base: 0x0000000011eb6000

Marking Bits: (ParMarkBitMap*) 0x00000000633fb6d0
 Begin Bits: [0x0000000012d70000, 0x0000000014d20000)
 End Bits:   [0x0000000014d20000, 0x0000000016cd0000)

Polling page: 0x0000000000f50000

CodeCache: size=245760Kb used=328Kb max_used=328Kb free=245431Kb
 bounds [0x0000000002f00000, 0x0000000003170000, 0x0000000011f00000]
 total_blobs=58 nmethods=0 adapters=38
 compilation: enabled

Compilation events (0 events):
No events

GC Heap History (0 events):
No events

Deoptimization events (0 events):
No events

Internal exceptions (0 events):
No events

Events (10 events):
Event: 0.122 loading class java/lang/Short
Event: 0.122 loading class java/lang/Short done
Event: 0.122 loading class java/lang/Integer
Event: 0.122 loading class java/lang/Integer done
Event: 0.122 loading class java/lang/Long
Event: 0.123 loading class java/lang/Long done
Event: 0.124 loading class java/lang/NullPointerException
Event: 0.124 loading class java/lang/NullPointerException done
Event: 0.124 loading class java/lang/ArithmeticException
Event: 0.124 loading class java/lang/ArithmeticException done


Dynamic libraries:
0x00007ff6f9130000 - 0x00007ff6f9167000 	C:\Program Files\Java\jdk1.8.0_121\jre\bin\java.exe
0x00007ff982d00000 - 0x00007ff982ef0000 	C:\WINDOWS\SYSTEM32\ntdll.dll
0x00007ff980db0000 - 0x00007ff980e62000 	C:\WINDOWS\System32\KERNEL32.DLL
0x00007ff980850000 - 0x00007ff980af3000 	C:\WINDOWS\System32\KERNELBASE.dll
0x00007ff9810d0000 - 0x00007ff981173000 	C:\WINDOWS\System32\ADVAPI32.dll
0x00007ff9814e0000 - 0x00007ff98157e000 	C:\WINDOWS\System32\msvcrt.dll
0x00007ff982140000 - 0x00007ff9821d7000 	C:\WINDOWS\System32\sechost.dll
0x00007ff9813c0000 - 0x00007ff9814e0000 	C:\WINDOWS\System32\RPCRT4.dll
0x00007ff980f30000 - 0x00007ff9810c4000 	C:\WINDOWS\System32\USER32.dll
0x00007ff97fde0000 - 0x00007ff97fe01000 	C:\WINDOWS\System32\win32u.dll
0x00007ff981580000 - 0x00007ff9815a6000 	C:\WINDOWS\System32\GDI32.dll
0x00007ff980630000 - 0x00007ff9807c4000 	C:\WINDOWS\System32\gdi32full.dll
0x00007ff980590000 - 0x00007ff98062e000 	C:\WINDOWS\System32\msvcp_win.dll
0x00007ff980b60000 - 0x00007ff980c5a000 	C:\WINDOWS\System32\ucrtbase.dll
0x00007ff972ff0000 - 0x00007ff973275000 	C:\WINDOWS\WinSxS\amd64_microsoft.windows.common-controls_6595b64144ccf1df_6.0.18362.720_none_e6beb5c51314836b\COMCTL32.dll
0x00007ff981e00000 - 0x00007ff982136000 	C:\WINDOWS\System32\combase.dll
0x00007ff9807d0000 - 0x00007ff980850000 	C:\WINDOWS\System32\bcryptPrimitives.dll
0x00007ff980f00000 - 0x00007ff980f2e000 	C:\WINDOWS\System32\IMM32.DLL
0x0000000062b00000 - 0x0000000062bd2000 	C:\Program Files\Java\jdk1.8.0_121\jre\bin\msvcr100.dll
0x0000000062be0000 - 0x000000006347b000 	C:\Program Files\Java\jdk1.8.0_121\jre\bin\server\jvm.dll
0x00007ff980e70000 - 0x00007ff980e78000 	C:\WINDOWS\System32\PSAPI.DLL
0x00007ff96c350000 - 0x00007ff96c359000 	C:\WINDOWS\SYSTEM32\WSOCK32.dll
0x00007ff9815b0000 - 0x00007ff98161f000 	C:\WINDOWS\System32\WS2_32.dll
0x00007ff97d240000 - 0x00007ff97d264000 	C:\WINDOWS\SYSTEM32\WINMM.dll
0x00007ff973df0000 - 0x00007ff973dfa000 	C:\WINDOWS\SYSTEM32\VERSION.dll
0x00007ff97bd50000 - 0x00007ff97bd7d000 	C:\WINDOWS\SYSTEM32\WINMMBASE.dll
0x00007ff97fc90000 - 0x00007ff97fcda000 	C:\WINDOWS\System32\cfgmgr32.dll
0x0000000063b80000 - 0x0000000063b8f000 	C:\Program Files\Java\jdk1.8.0_121\jre\bin\verify.dll
0x0000000063b50000 - 0x0000000063b79000 	C:\Program Files\Java\jdk1.8.0_121\jre\bin\java.dll
0x0000000062ae0000 - 0x0000000062af6000 	C:\Program Files\Java\jdk1.8.0_121\jre\bin\zip.dll

VM Arguments:
java_command: org.netbeans.modules.web.project.ant.JspCSingle -uriroot G:\Trey\build\web -d G:\Trey\build\generated\src -die1 -schemas /resources/schemas/ -dtds /resources/dtds/ -sysClasspath C:\Program Files\NetBeans 8.2\extide\ant\lib\ant.jar;C:\Program Files\NetBeans 8.2\enterprise\modules\ext\servlet3.1-jsp2.3-api.jar;C:\Program Files\NetBeans 8.2\enterprise\modules\ext\glassfish-jspparser-4.0.jar;C:\Program Files\NetBeans 8.2\enterprise\modules\ext\jstl-impl.jar;C:\Program Files\NetBeans 8.2\enterprise\modules\ext\jsf-2_2\javax.faces.jar -jspc.files G:\Trey\build\web\AddCategory.jsp -compilerSourceVM 1.8 -compilerTargetVM 1.8 -javaEncoding UTF-8
java_class_path (initial): C:\Program Files\Java\jdk1.8.0_121\lib\tools.jar;C:\Program Files\NetBeans 8.2\enterprise\ant\extra\jspcompile.jar;C:\Program Files\NetBeans 8.2\extide\ant\lib\ant.jar;C:\Program Files\NetBeans 8.2\enterprise\modules\ext\servlet3.1-jsp2.3-api.jar;C:\Program Files\NetBeans 8.2\enterprise\modules\ext\glassfish-jspparser-4.0.jar;C:\Program Files\NetBeans 8.2\enterprise\modules\ext\jsf-2_2\javax.faces.jar;C:\Program Files\NetBeans 8.2\enterprise\modules\ext\jstl-api.jar;C:\Program Files\NetBeans 8.2\extide\ant\lib\ant-launcher.jar
Launcher Type: SUN_STANDARD

Environment Variables:
PATH=%C:\Python\Python37%;%C:\Python\Python37\Scripts%;%C:\Program Files\Apache Software Foundation\Tomcat 9.0%;%C:\Python\Python37\Scripts%;%C:\Program Files\nodejs%;%C:\Program Files\nodejs\node_modules\npm%;C:\Program Files\nodejs\;C:\ProgramData\chocolatey\bin;%C:\Python\Python37%;%C:\Python\Python37\Scripts%;C:\Users\Charmant\AppData\Roaming\npm
USERNAME=Charmant
OS=Windows_NT
PROCESSOR_IDENTIFIER=Intel64 Family 6 Model 61 Stepping 4, GenuineIntel



---------------  S Y S T E M  ---------------

OS: Windows 10.0 , 64 bit Build 18362 (10.0.18362.329)

CPU:total 4 (2 cores per cpu, 2 threads per core) family 6 model 61 stepping 4, cmov, cx8, fxsr, mmx, sse, sse2, sse3, ssse3, sse4.1, sse4.2, popcnt, avx, avx2, aes, clmul, erms, 3dnowpref, lzcnt, ht, tsc, tscinvbit, bmi1, bmi2, adx

Memory: 4k page, physical 8301972k(1006076k free), swap 8301972k(5572k free)

vm_info: Java HotSpot(TM) 64-Bit Server VM (25.121-b13) for windows-amd64 JRE (1.8.0_121-b13), built on Dec 12 2016 18:21:36 by "java_re" with MS VC++ 10.0 (VS2010)

time: Fri Nov 20 23:11:19 2020
elapsed time: 0 seconds (0d 0h 0m 0s)

